{
  "stats": {
    "suites": 1,
    "tests": 1,
    "passes": 1,
    "pending": 0,
    "failures": 0,
    "start": "2023-03-03T12:01:48.204Z",
    "end": "2023-03-03T12:02:01.623Z",
    "duration": 13419,
    "testsRegistered": 1,
    "passPercent": 100,
    "pendingPercent": 0,
    "other": 0,
    "hasOther": false,
    "skipped": 0,
    "hasSkipped": false
  },
  "results": [
    {
      "uuid": "9c4862e5-6060-49c9-b193-0f159bf75362",
      "title": "",
      "fullFile": "cypress\\e2e\\TestDataDriven.cy.js",
      "file": "cypress\\e2e\\TestDataDriven.cy.js",
      "beforeHooks": [],
      "afterHooks": [],
      "tests": [],
      "suites": [
        {
          "uuid": "72462d04-8a18-4e02-b6d8-c21836820377",
          "title": "FTest Suite 1",
          "fullFile": "",
          "file": "",
          "beforeHooks": [],
          "afterHooks": [],
          "tests": [
            {
              "title": "Data Driven with POM Test",
              "fullTitle": "FTest Suite 1 Data Driven with POM Test",
              "timedOut": null,
              "duration": 11167,
              "state": "passed",
              "speed": "slow",
              "pass": true,
              "fail": false,
              "pending": false,
              "context": null,
              "code": "//Cypress.config('defaultCommandTimeout',8000)\nconst homePage = new _HomePage.default();\nconst shopPage = new _ShopPage.default();\n//cy.visit(\"https://rahulshettyacademy.com/angularpractice/\")\n//Domain/url is defined in cypress.config.js\ncy.visit(Cypress.env('url') + \"/angularpractice/\");\nhomePage.getName().type(this.data.name);\nhomePage.getEmail().type(this.data.email);\nhomePage.getPassword().type(this.data.password);\nhomePage.getGender().type(this.data.gender);\nhomePage.getEntreprenuere().should('be.disabled');\nhomePage.getDate();\nhomePage.getSubBtn();\nhomePage.getShopTab().click();\n//ShopPage class\nshopPage.getAddToCart().click();\nshopPage.getAddToCart2().click();\nshopPage.getCheckOut().click();\nshopPage.getSumOfProducts();\nshopPage.getCompareTotal();\nshopPage.getTotalSumCompare();\nshopPage.getCheckedOut().click();\nshopPage.getCountry().type('India');\n//cy.wait(5000)\nshopPage.getSelectCountry().click();\nshopPage.getCheckbox().click({\n  force: true\n});\nshopPage.getPurchaseBtn().click();\nshopPage.getSuccessText();\n//cy.visit(\"https://rahulshettyacademy.com/angularpractice/\")\n//cy.get(':nth-child(1) > .form-control').type(this.data.name)\n//cy.get(':nth-child(2) > .form-control').type(this.data.email)\n//cy.get('#exampleInputPassword1').type(this.data.password)\n//cy.get('#exampleCheck1').check()\n//cy.get('#exampleFormControlSelect1').select(this.data.gender)\n//cy.get('#inlineRadio2').check()\n//cy.get(':nth-child(8) > .form-control').type('2023-03-03')\n//cy.get('.btn').click()\n//If you want to debug your code you can use pause\n//cy.pause()\n//Validating attributes properties\n//cy.get('.ng-untouched').should('have.value',this.data.name)\n//cy.get(':nth-child(1) > .form-control').should('have.attr','minlength','2')\n//cy.get('#inlineRadio3').should('be.disabled')\n//Building customized Cypress commands for reusing the code //Other codes are defined in commands.json\n//cy.get(':nth-child(2) > .nav-link').click()\n//cy.selectProduct('Blackberry')\n//cy.selectProduct('Nokia Edge')",
              "err": {},
              "uuid": "58b3f656-b7f9-4da4-a72d-4303b484a584",
              "parentUUID": "72462d04-8a18-4e02-b6d8-c21836820377",
              "isHook": false,
              "skipped": false
            }
          ],
          "suites": [],
          "passes": [
            "58b3f656-b7f9-4da4-a72d-4303b484a584"
          ],
          "failures": [],
          "pending": [],
          "skipped": [],
          "duration": 11167,
          "root": false,
          "rootEmpty": false,
          "_timeout": 2000
        }
      ],
      "passes": [],
      "failures": [],
      "pending": [],
      "skipped": [],
      "duration": 0,
      "root": true,
      "rootEmpty": true,
      "_timeout": 2000
    }
  ],
  "meta": {
    "mocha": {
      "version": "7.0.1"
    },
    "mochawesome": {
      "options": {
        "quiet": false,
        "reportFilename": "mochawesome",
        "saveHtml": true,
        "saveJson": true,
        "consoleReporter": "spec",
        "useInlineDiffs": false,
        "code": true
      },
      "version": "7.1.3"
    },
    "marge": {
      "options": null,
      "version": "6.2.0"
    }
  }
}